2025-06-29T22:25:42.673Z - UserID: 1 acessou GET /search?q=james
2025-06-29T22:33:45.278Z - UserID: 1 acessou GET /search?q=james
2025-06-29T22:35:12.572Z - ACESSO NEGADO (Token Inv치lido) - IP: ::ffff:127.0.0.1
2025-06-29T22:35:47.984Z - UserID: 1 acessou GET /search?q=james
2025-06-29T22:35:55.283Z - UserID: 1 acessou GET /search?q=james
2025-06-29T22:35:58.723Z - UserID: 1 acessou GET /search?q=curry
2025-06-29T22:36:00.368Z - UserID: 1 acessou GET /search?q=curry
2025-06-29T22:36:04.033Z - UserID: 1 acessou GET /search?q=james
2025-06-29T22:36:12.969Z - UserID: 1 acessou GET /search?q=james%20harden
2025-06-29T23:19:29.154Z - ACESSO NEGADO (Token Inv치lido) - IP: ::ffff:127.0.0.1
2025-06-29T23:19:48.828Z - UserID: 1 acessou GET /search?q=james
2025-06-29T23:27:25.474Z - ACESSO NEGADO (Token Inv치lido) - IP: ::1
2025-06-29T23:27:32.424Z - ACESSO NEGADO (Token Inv치lido) - IP: ::1
2025-06-29T23:27:55.346Z - UserID: 1 acessou GET /search?q=curry
2025-06-29T23:28:01.158Z - UserID: 1 acessou GET /search?q=james
2025-06-30T00:45:47.313Z - FALHA DE LOGIN - Tentativa para o email: nbaadmin@meuprojeto.com do IP: ::1
2025-06-30T00:46:31.472Z - FALHA DE LOGIN - Tentativa para o email: nbaadmin@meuprojeto.com do IP: ::1
2025-06-30T00:48:27.870Z - FALHA DE LOGIN - Tentativa para o email: nbaadmin@meuprojeto.com do IP: ::1
2025-06-30T00:50:49.049Z - FALHA DE LOGIN - Tentativa para o email: nbaadmin@meuprojeto.com do IP: ::1
2025-06-30T00:53:06.988Z - FALHA DE LOGIN - Tentativa para o email: nbaadmin@meuprojeto.com do IP: ::1
2025-06-30T00:53:29.191Z - FALHA DE LOGIN - Tentativa para o email: nbaadmin@meuprojeto.com do IP: ::1
2025-06-30T00:54:04.029Z - FALHA DE LOGIN - Tentativa para o email: nbaadmin@meuprojeto.com do IP: ::1
2025-06-30T00:58:27.234Z - FALHA DE LOGIN - Tentativa para o email: nbaadmin@meuprojeto.com do IP: ::1
2025-06-30T00:58:58.776Z - FALHA DE LOGIN - Tentativa para o email: nbaadmin@meuprojeto.com do IP: ::1
2025-06-30T01:05:17.142Z - FALHA DE LOGIN - Tentativa para o email: nbaadmin@meuprojeto.com
2025-06-30T01:10:40.670Z - FALHA DE LOGIN - Tentativa para o email: nbaadmin@meuprojeto.com
2025-06-30T01:11:01.905Z - FALHA DE LOGIN - Tentativa para o email: nbaadmin@meuprojeto.com
2025-06-30T01:14:53.639Z - FALHA DE LOGIN - Tentativa para o email: nbaadmin@meuprojeto.com
2025-06-30T01:15:09.170Z - FALHA DE LOGIN - Tentativa para o email: nbaadmin@meuprojeto.com
2025-06-30T01:15:32.157Z - FALHA DE LOGIN - Tentativa para o email: nbaadmin@meuprojeto.com
2025-06-30T01:18:47.966Z - UserID: 3 acessou GET /search?q=james
2025-06-30T01:38:44.426Z - UserID: 3 acessou GET /search?q=james
2025-06-30T01:39:01.177Z - UserID: 3 acessou GET /search?q=james
2025-06-30T01:39:13.272Z - UserID: 3 acessou GET /search?q=james
2025-06-30T01:40:09.368Z - UserID: 3 acessou GET /search?q=mateus
2025-06-30T01:45:48.551Z - UserID: 3 acessou GET /search?q=james
2025-06-30T01:46:03.527Z - UserID: 3 acessou GET /search?q=curry
2025-06-30T01:46:13.892Z - UserID: 3 acessou GET /search?q=james
2025-06-30T01:46:37.220Z - UserID: 3 acessou GET /search?q=james
2025-06-30T01:47:22.470Z - UserID: 3 acessou GET /search?q=curry
2025-06-30T01:50:55.641Z - UserID: 3 acessou GET /search?q=james
2025-06-30T01:51:59.673Z - UserID: 3 acessou GET /search?q=mateus
2025-06-30T01:55:47.441Z - UserID: 3 acessou GET /search?q=james
2025-06-30T01:55:57.386Z - UserID: 3 acessou GET /search?q=james
2025-06-30T01:56:54.725Z - UserID: 3 acessou GET /search?q=james
2025-06-30T01:57:00.880Z - UserID: 3 acessou GET /search?q=curry
2025-06-30T01:57:09.448Z - UserID: 3 acessou GET /search?q=james
2025-06-30T01:57:50.857Z - UserID: 3 acessou GET /search?q=cr7
